<?xml version="1.0" encoding="UTF-8"?>
<!-- Generated by org.testng.reporters.JUnitReportReporter -->
<testsuite hostname="Sasikumar" failures="0" tests="1" name="org.airport.tests.AirportG" time="8.937" errors="0" timestamp="2025-06-13T00:38:20 IST" skipped="0">
  <testcase classname="org.airport.tests.AirportG" name="testName" time="8.937"/>
</testsuite> <!-- org.airport.tests.AirportG -->
